<?xml version="1.0" encoding="UTF-8"?>
<testng-results ignored="0" total="1" passed="1" failed="0" skipped="0">
  <reporter-output>
  </reporter-output>
  <suite started-at="2022-10-13T21:35:27 IST" name="Default suite" finished-at="2022-10-13T21:35:53 IST" duration-ms="25474">
    <groups>
    </groups>
    <test started-at="2022-10-13T21:35:27 IST" name="Default test" finished-at="2022-10-13T21:35:53 IST" duration-ms="25474">
      <class name="com.example.testng.Delete">
        <test-method signature="delete()[pri:0, instance:com.example.testng.Delete@593aaf41]" started-at="2022-10-13T21:35:27 IST" name="delete" finished-at="2022-10-13T21:35:52 IST" duration-ms="25407" status="PASS">
          <reporter-output>
          </reporter-output>
        </test-method> <!-- delete -->
      </class> <!-- com.example.testng.Delete -->
    </test> <!-- Default test -->
  </suite> <!-- Default suite -->
</testng-results>
